<?xml version="1.0" encoding="UTF-8"?>
<!-- Generated by org.testng.reporters.JUnitReportReporter -->
<testsuite skipped="0" hostname="lokeshs-MacBook-Air.local" name="com.searchmodule.tests.SearchTest" tests="4" failures="0" timestamp="2023-04-06T16:42:57 IST" time="14.381" errors="0">
  <testcase name="search" time="3.246" classname="com.searchmodule.tests.SearchTest"/>
  <system-out/>
  <testcase name="search" time="4.022" classname="com.searchmodule.tests.SearchTest"/>
  <system-out/>
  <testcase name="search" time="3.563" classname="com.searchmodule.tests.SearchTest"/>
  <system-out/>
  <testcase name="search" time="3.550" classname="com.searchmodule.tests.SearchTest"/>
  <system-out/>
</testsuite> <!-- com.searchmodule.tests.SearchTest -->
